<?xml version="1.0" encoding="UTF-8"?>
<!-- Generated by org.testng.reporters.JUnitReportReporter -->
<testsuite hostname="DESKTOP-L3HSJLS" failures="0" tests="1" name="tests.LoginTest" time="1.845" errors="0" timestamp="2025-09-21T16:30:10 IST" skipped="0">
  <testcase classname="tests.LoginTest" name="Login" time="1.845"/>
  <system-out/>
</testsuite> <!-- tests.LoginTest -->
